<?xml version="1.0" encoding="UTF-8"?>
<!-- Generated by org.testng.reporters.JUnitXMLReporter -->
<testsuite hostname="110031-E7440" name="GRP-createPageDump" tests="2" failures="0" timestamp="6 Oct 2017 05:34:04 GMT" time="50.177" errors="0">
  <testcase name="getCreateAccountPageDump" time="21.419" classname="com.tivo.mavrik.guidedsetup.tests.WelcomePageTest"/>
  <testcase name="getCreateAccountPageDump" time="18.129" classname="com.tivo.mavrik.guidedsetup.tests.WelcomePageTest"/>
</testsuite> <!-- GRP-createPageDump -->
