<?xml version="1.0" encoding="UTF-8"?>
<!-- Generated by org.testng.reporters.JUnitXMLReporter -->
<testsuite hostname="110031-E7440" name="GRP-createPageDump2" tests="4" failures="0" timestamp="18 Oct 2017 21:19:43 GMT" time="83.433" errors="0">
  <testcase name="getHomePageDump" time="15.753" classname="com.tivo.mavrik.guidedsetup.tests.WelcomePageTest"/>
  <testcase name="getHomePageDump" time="19.028" classname="com.tivo.mavrik.guidedsetup.tests.WelcomePageTest"/>
  <testcase name="getHomePageDump" time="14.244" classname="com.tivo.mavrik.guidedsetup.tests.WelcomePageTest"/>
  <testcase name="getHomePageDump" time="13.524" classname="com.tivo.mavrik.guidedsetup.tests.WelcomePageTest"/>
</testsuite> <!-- GRP-createPageDump2 -->
